<?xml version="1.0" encoding="UTF-8"?>
<testng-results skipped="0" failed="0" ignored="0" total="0" passed="0">
  <reporter-output>
  </reporter-output>
  <suite name="testbatch.TestRun" duration-ms="0" started-at="2020-02-05T10:07:15Z" finished-at="2020-02-05T10:07:15Z">
    <groups>
    </groups>
    <test name="Command line test" duration-ms="0" started-at="2020-02-05T10:07:15Z" finished-at="2020-02-05T10:07:15Z">
    </test> <!-- Command line test -->
  </suite> <!-- testbatch.TestRun -->
</testng-results>
